<?xml version="1.0" encoding="UTF-8"?>
<testng-results skipped="0" failed="0" total="2" passed="2">
  <reporter-output>
  </reporter-output>
  <suite name="Suite" duration-ms="184105" started-at="2019-03-11T15:20:07Z" finished-at="2019-03-11T15:23:11Z">
    <groups>
    </groups>
    <test name="Test" duration-ms="184105" started-at="2019-03-11T15:20:07Z" finished-at="2019-03-11T15:23:11Z">
      <class name="com.williams.sonoma.testcases.TestCase">
        <test-method status="PASS" signature="testSaveForLater()[pri:0, instance:com.williams.sonoma.testcases.TestCase@256216b3]" name="testSaveForLater" duration-ms="183884" started-at="2019-03-11T20:50:07Z" finished-at="2019-03-11T20:53:11Z">
          <reporter-output>
          </reporter-output>
        </test-method> <!-- testSaveForLater -->
        <test-method status="PASS" signature="verifyProductSavedForLater()[pri:0, instance:com.williams.sonoma.testcases.TestCase@256216b3]" name="verifyProductSavedForLater" duration-ms="146" started-at="2019-03-11T20:53:11Z" depends-on-methods="com.williams.sonoma.testcases.TestCase.testSaveForLater" finished-at="2019-03-11T20:53:11Z">
          <reporter-output>
          </reporter-output>
        </test-method> <!-- verifyProductSavedForLater -->
      </class> <!-- com.williams.sonoma.testcases.TestCase -->
    </test> <!-- Test -->
  </suite> <!-- Suite -->
</testng-results>
